[2023-10-25 07:52:56,877: INFO: main: Testing logs]
[2023-10-25 08:34:14,824: INFO: common: yaml file: config\config.yaml loaded successfully]
[2023-10-25 08:34:14,825: INFO: common: yaml file: params.yaml loaded successfully]
[2023-10-25 08:49:12,688: INFO: main: Testing logs]
[2023-10-25 08:51:34,633: INFO: main: >>>>>> stage Data Ingestion stage started <<<<<<]
[2023-10-25 08:51:34,633: INFO: common: yaml file: config\config.yaml loaded successfully]
[2023-10-25 08:51:34,634: INFO: common: yaml file: params.yaml loaded successfully]
[2023-10-25 08:51:34,635: INFO: common: yaml file: schema.yaml loaded successfully]
[2023-10-25 08:51:34,635: INFO: common: created directory at: artifacts]
[2023-10-25 08:51:34,636: INFO: common: created directory at: artifacts/data_ingestion]
[2023-10-25 08:51:34,977: INFO: data_ingestion: artifacts/data_ingestion/data.zip download! with following info: 
Connection: close
Content-Length: 23329
Cache-Control: max-age=300
Content-Security-Policy: default-src 'none'; style-src 'unsafe-inline'; sandbox
Content-Type: application/zip
ETag: "c69888a4ae59bc5a893392785a938ccd4937981c06ba8a9d6a21aa52b4ab5b6e"
Strict-Transport-Security: max-age=31536000
X-Content-Type-Options: nosniff
X-Frame-Options: deny
X-XSS-Protection: 1; mode=block
X-GitHub-Request-Id: A66A:4200:48A50F:58C4F2:65391B7A
Accept-Ranges: bytes
Date: Wed, 25 Oct 2023 13:51:35 GMT
Via: 1.1 varnish
X-Served-By: cache-chi-klot8100050-CHI
X-Cache: HIT
X-Cache-Hits: 1
X-Timer: S1698241896.570021,VS0,VE120
Vary: Authorization,Accept-Encoding,Origin
Access-Control-Allow-Origin: *
Cross-Origin-Resource-Policy: cross-origin
X-Fastly-Request-ID: ce241a10560be052b0d8e4d75fa8a74c9beba410
Expires: Wed, 25 Oct 2023 13:56:35 GMT
Source-Age: 0

]
[2023-10-25 08:51:34,985: INFO: main: >>>>>> stage Data Ingestion stage completed <<<<<<

x==========x]
[2023-10-25 08:56:26,981: INFO: main: >>>>>> stage Data Ingestion stage started <<<<<<]
[2023-10-25 08:56:26,982: INFO: common: yaml file: config\config.yaml loaded successfully]
[2023-10-25 08:56:26,983: INFO: common: yaml file: params.yaml loaded successfully]
[2023-10-25 08:56:26,984: INFO: common: yaml file: schema.yaml loaded successfully]
[2023-10-25 08:56:26,984: INFO: common: created directory at: artifacts]
[2023-10-25 08:56:26,985: INFO: common: created directory at: artifacts/data_ingestion]
[2023-10-25 08:56:26,985: INFO: data_ingestion: File already exists of size: ~ 23 KB]
[2023-10-25 08:56:26,986: INFO: main: >>>>>> stage Data Ingestion stage completed <<<<<<

x==========x]
[2023-10-25 08:58:08,565: INFO: common: yaml file: config\config.yaml loaded successfully]
[2023-10-25 08:58:08,567: INFO: common: yaml file: params.yaml loaded successfully]
[2023-10-25 08:58:08,569: INFO: common: yaml file: schema.yaml loaded successfully]
[2023-10-25 08:58:08,570: INFO: common: created directory at: artifacts]
[2023-10-25 09:04:03,542: INFO: common: yaml file: config\config.yaml loaded successfully]
[2023-10-25 09:04:03,544: INFO: common: yaml file: params.yaml loaded successfully]
[2023-10-25 09:04:03,545: INFO: common: yaml file: schema.yaml loaded successfully]
[2023-10-25 09:04:03,546: INFO: common: created directory at: artifacts]
[2023-10-25 09:07:26,142: INFO: common: yaml file: config\config.yaml loaded successfully]
[2023-10-25 09:07:26,144: INFO: common: yaml file: params.yaml loaded successfully]
[2023-10-25 09:07:26,145: INFO: common: yaml file: schema.yaml loaded successfully]
[2023-10-25 09:07:26,146: INFO: common: created directory at: artifacts]
[2023-10-25 09:10:45,847: INFO: common: yaml file: config\config.yaml loaded successfully]
[2023-10-25 09:10:45,847: INFO: common: yaml file: params.yaml loaded successfully]
[2023-10-25 09:10:45,849: INFO: common: yaml file: schema.yaml loaded successfully]
[2023-10-25 09:10:45,850: INFO: common: created directory at: artifacts]
[2023-10-25 09:21:39,687: INFO: common: yaml file: config\config.yaml loaded successfully]
[2023-10-25 09:21:39,688: INFO: common: yaml file: params.yaml loaded successfully]
[2023-10-25 09:21:39,689: INFO: common: yaml file: schema.yaml loaded successfully]
[2023-10-25 09:21:39,690: INFO: common: created directory at: artifacts]
[2023-10-25 09:21:44,728: INFO: common: yaml file: config\config.yaml loaded successfully]
[2023-10-25 09:21:44,728: INFO: common: yaml file: params.yaml loaded successfully]
[2023-10-25 09:21:44,731: INFO: common: yaml file: schema.yaml loaded successfully]
[2023-10-25 09:21:44,731: INFO: common: created directory at: artifacts]
[2023-10-25 09:25:14,873: INFO: common: yaml file: config\config.yaml loaded successfully]
[2023-10-25 09:25:14,874: INFO: common: yaml file: params.yaml loaded successfully]
[2023-10-25 09:25:14,875: INFO: common: yaml file: schema.yaml loaded successfully]
[2023-10-25 09:25:14,876: INFO: common: created directory at: artifacts]
[2023-10-25 09:25:40,618: INFO: common: yaml file: config\config.yaml loaded successfully]
[2023-10-25 09:25:40,620: INFO: common: yaml file: params.yaml loaded successfully]
[2023-10-25 09:25:40,621: INFO: common: yaml file: schema.yaml loaded successfully]
[2023-10-25 09:25:40,622: INFO: common: created directory at: artifacts]
[2023-10-25 09:28:03,726: INFO: common: yaml file: config\config.yaml loaded successfully]
[2023-10-25 09:28:03,728: INFO: common: yaml file: params.yaml loaded successfully]
[2023-10-25 09:28:03,729: INFO: common: yaml file: schema.yaml loaded successfully]
[2023-10-25 09:28:03,730: INFO: common: created directory at: artifacts]
[2023-10-25 09:28:03,730: INFO: common: created directory at: artifacts/data_validation]
[2023-10-25 09:32:52,958: INFO: utils: Note: NumExpr detected 16 cores but "NUMEXPR_MAX_THREADS" not set, so enforcing safe limit of 8.]
[2023-10-25 09:32:52,958: INFO: utils: NumExpr defaulting to 8 threads.]
[2023-10-25 09:32:53,132: INFO: main: >>>>>> stage Data Ingestion stage started <<<<<<]
[2023-10-25 09:32:53,134: INFO: common: yaml file: config\config.yaml loaded successfully]
[2023-10-25 09:32:53,134: INFO: common: yaml file: params.yaml loaded successfully]
[2023-10-25 09:32:53,135: INFO: common: yaml file: schema.yaml loaded successfully]
[2023-10-25 09:32:53,136: INFO: common: created directory at: artifacts]
[2023-10-25 09:32:53,136: INFO: common: created directory at: artifacts/data_ingestion]
[2023-10-25 09:32:53,490: INFO: data_ingestion: artifacts/data_ingestion/data.zip download! with following info: 
Connection: close
Content-Length: 23329
Cache-Control: max-age=300
Content-Security-Policy: default-src 'none'; style-src 'unsafe-inline'; sandbox
Content-Type: application/zip
ETag: "c69888a4ae59bc5a893392785a938ccd4937981c06ba8a9d6a21aa52b4ab5b6e"
Strict-Transport-Security: max-age=31536000
X-Content-Type-Options: nosniff
X-Frame-Options: deny
X-XSS-Protection: 1; mode=block
X-GitHub-Request-Id: A66A:4200:48A50F:58C4F2:65391B7A
Accept-Ranges: bytes
Date: Wed, 25 Oct 2023 14:32:54 GMT
Via: 1.1 varnish
X-Served-By: cache-chi-klot8100038-CHI
X-Cache: HIT
X-Cache-Hits: 1
X-Timer: S1698244374.108772,VS0,VE93
Vary: Authorization,Accept-Encoding,Origin
Access-Control-Allow-Origin: *
Cross-Origin-Resource-Policy: cross-origin
X-Fastly-Request-ID: 6ebf6bc83bd0cfab4972eb5e2006eb2f970be539
Expires: Wed, 25 Oct 2023 14:37:54 GMT
Source-Age: 0

]
[2023-10-25 09:32:53,501: INFO: main: >>>>>> stage Data Ingestion stage completed <<<<<<

x==========x]
[2023-10-25 09:32:53,501: INFO: main: >>>>>> stage Data Validation stage started <<<<<<]
[2023-10-25 09:32:53,503: INFO: common: yaml file: config\config.yaml loaded successfully]
[2023-10-25 09:32:53,504: INFO: common: yaml file: params.yaml loaded successfully]
[2023-10-25 09:32:53,505: INFO: common: yaml file: schema.yaml loaded successfully]
[2023-10-25 09:32:53,505: INFO: common: created directory at: artifacts]
[2023-10-25 09:32:53,505: INFO: common: created directory at: artifacts/data_validation]
[2023-10-25 09:32:53,520: INFO: main: >>>>>> stage Data Validation stage completed <<<<<<

x==========x]
[2023-10-25 09:34:07,156: INFO: utils: Note: NumExpr detected 16 cores but "NUMEXPR_MAX_THREADS" not set, so enforcing safe limit of 8.]
[2023-10-25 09:34:07,156: INFO: utils: NumExpr defaulting to 8 threads.]
[2023-10-25 09:34:07,347: INFO: common: yaml file: config\config.yaml loaded successfully]
[2023-10-25 09:34:07,348: INFO: common: yaml file: params.yaml loaded successfully]
[2023-10-25 09:34:07,350: INFO: common: yaml file: schema.yaml loaded successfully]
[2023-10-25 09:34:07,351: INFO: common: created directory at: artifacts]
[2023-10-25 09:34:07,351: INFO: common: created directory at: artifacts/data_transformation]
[2023-10-25 09:34:07,370: INFO: 741865018: Splited data into training and test sets]
[2023-10-25 09:34:07,370: INFO: 741865018: (1199, 12)]
[2023-10-25 09:34:07,371: INFO: 741865018: (400, 12)]
[2023-10-25 09:41:08,635: INFO: utils: Note: NumExpr detected 16 cores but "NUMEXPR_MAX_THREADS" not set, so enforcing safe limit of 8.]
[2023-10-25 09:41:08,635: INFO: utils: NumExpr defaulting to 8 threads.]
[2023-10-25 09:41:09,188: INFO: main: >>>>>> stage Data Ingestion stage started <<<<<<]
[2023-10-25 09:41:09,190: INFO: common: yaml file: config\config.yaml loaded successfully]
[2023-10-25 09:41:09,191: INFO: common: yaml file: params.yaml loaded successfully]
[2023-10-25 09:41:09,191: INFO: common: yaml file: schema.yaml loaded successfully]
[2023-10-25 09:41:09,192: INFO: common: created directory at: artifacts]
[2023-10-25 09:41:09,192: INFO: common: created directory at: artifacts/data_ingestion]
[2023-10-25 09:41:09,192: INFO: data_ingestion: File already exists of size: ~ 23 KB]
[2023-10-25 09:41:09,194: INFO: main: >>>>>> stage Data Ingestion stage completed <<<<<<

x==========x]
[2023-10-25 09:41:09,194: INFO: main: >>>>>> stage Data Validation stage started <<<<<<]
[2023-10-25 09:41:09,196: INFO: common: yaml file: config\config.yaml loaded successfully]
[2023-10-25 09:41:09,196: INFO: common: yaml file: params.yaml loaded successfully]
[2023-10-25 09:41:09,197: INFO: common: yaml file: schema.yaml loaded successfully]
[2023-10-25 09:41:09,198: INFO: common: created directory at: artifacts]
[2023-10-25 09:41:09,198: INFO: common: created directory at: artifacts/data_validation]
[2023-10-25 09:41:09,217: INFO: main: >>>>>> stage Data Validation stage completed <<<<<<

x==========x]
[2023-10-25 09:41:09,218: INFO: main: >>>>>> stage Data Transformation stage started <<<<<<]
[2023-10-25 09:41:09,220: INFO: common: yaml file: config\config.yaml loaded successfully]
[2023-10-25 09:41:09,221: INFO: common: yaml file: params.yaml loaded successfully]
[2023-10-25 09:41:09,222: INFO: common: yaml file: schema.yaml loaded successfully]
[2023-10-25 09:41:09,222: INFO: common: created directory at: artifacts]
[2023-10-25 09:41:09,223: INFO: common: created directory at: artifacts/data_transformation]
[2023-10-25 09:41:09,235: INFO: data_transformation: Splited data into training and test sets]
[2023-10-25 09:41:09,236: INFO: data_transformation: (1199, 12)]
[2023-10-25 09:41:09,236: INFO: data_transformation: (400, 12)]
[2023-10-25 09:41:09,237: INFO: main: >>>>>> stage Data Transformation stage completed <<<<<<

x==========x]
[2023-10-25 09:55:42,464: INFO: utils: Note: NumExpr detected 16 cores but "NUMEXPR_MAX_THREADS" not set, so enforcing safe limit of 8.]
[2023-10-25 09:55:42,464: INFO: utils: NumExpr defaulting to 8 threads.]
[2023-10-25 09:55:43,141: INFO: common: yaml file: config\config.yaml loaded successfully]
[2023-10-25 09:55:43,142: INFO: common: yaml file: params.yaml loaded successfully]
[2023-10-25 09:55:43,143: INFO: common: yaml file: schema.yaml loaded successfully]
[2023-10-25 09:55:43,144: INFO: common: created directory at: artifacts]
[2023-10-25 09:55:43,144: INFO: common: created directory at: artifacts/model_trainer]
[2023-10-25 09:59:56,387: INFO: utils: Note: NumExpr detected 16 cores but "NUMEXPR_MAX_THREADS" not set, so enforcing safe limit of 8.]
[2023-10-25 09:59:56,388: INFO: utils: NumExpr defaulting to 8 threads.]
[2023-10-25 09:59:56,915: INFO: main: >>>>>> stage Data Ingestion stage started <<<<<<]
[2023-10-25 09:59:56,917: INFO: common: yaml file: config\config.yaml loaded successfully]
[2023-10-25 09:59:56,917: INFO: common: yaml file: params.yaml loaded successfully]
[2023-10-25 09:59:56,918: INFO: common: yaml file: schema.yaml loaded successfully]
[2023-10-25 09:59:56,918: INFO: common: created directory at: artifacts]
[2023-10-25 09:59:56,918: INFO: common: created directory at: artifacts/data_ingestion]
[2023-10-25 09:59:56,919: INFO: data_ingestion: File already exists of size: ~ 23 KB]
[2023-10-25 09:59:56,920: INFO: main: >>>>>> stage Data Ingestion stage completed <<<<<<

x==========x]
[2023-10-25 09:59:56,920: INFO: main: >>>>>> stage Data Validation stage started <<<<<<]
[2023-10-25 09:59:56,922: INFO: common: yaml file: config\config.yaml loaded successfully]
[2023-10-25 09:59:56,922: INFO: common: yaml file: params.yaml loaded successfully]
[2023-10-25 09:59:56,923: INFO: common: yaml file: schema.yaml loaded successfully]
[2023-10-25 09:59:56,924: INFO: common: created directory at: artifacts]
[2023-10-25 09:59:56,924: INFO: common: created directory at: artifacts/data_validation]
[2023-10-25 09:59:56,942: INFO: main: >>>>>> stage Data Validation stage completed <<<<<<

x==========x]
[2023-10-25 09:59:56,943: INFO: main: >>>>>> stage Data Transformation stage started <<<<<<]
[2023-10-25 09:59:56,946: INFO: common: yaml file: config\config.yaml loaded successfully]
[2023-10-25 09:59:56,947: INFO: common: yaml file: params.yaml loaded successfully]
[2023-10-25 09:59:56,948: INFO: common: yaml file: schema.yaml loaded successfully]
[2023-10-25 09:59:56,948: INFO: common: created directory at: artifacts]
[2023-10-25 09:59:56,949: INFO: common: created directory at: artifacts/data_transformation]
[2023-10-25 09:59:56,964: INFO: data_transformation: Splited data into training and test sets]
[2023-10-25 09:59:56,964: INFO: data_transformation: (1199, 12)]
[2023-10-25 09:59:56,964: INFO: data_transformation: (400, 12)]
[2023-10-25 09:59:56,965: INFO: main: >>>>>> stage Data Transformation stage completed <<<<<<

x==========x]
[2023-10-25 09:59:56,965: INFO: main: >>>>>> stage Model Trainer stage started <<<<<<]
[2023-10-25 09:59:56,965: ERROR: main: name 'ModelTrainerTrainingPipeline' is not defined]
Traceback (most recent call last):
  File "C:\Users\vinit\Desktop\MLOps\main.py", line 39, in <module>
    data_ingestion = ModelTrainerTrainingPipeline()
                     ^^^^^^^^^^^^^^^^^^^^^^^^^^^^
NameError: name 'ModelTrainerTrainingPipeline' is not defined
[2023-10-25 10:00:36,340: INFO: utils: Note: NumExpr detected 16 cores but "NUMEXPR_MAX_THREADS" not set, so enforcing safe limit of 8.]
[2023-10-25 10:00:36,340: INFO: utils: NumExpr defaulting to 8 threads.]
[2023-10-25 10:00:36,896: INFO: main: >>>>>> stage Data Ingestion stage started <<<<<<]
[2023-10-25 10:00:36,898: INFO: common: yaml file: config\config.yaml loaded successfully]
[2023-10-25 10:00:36,899: INFO: common: yaml file: params.yaml loaded successfully]
[2023-10-25 10:00:36,899: INFO: common: yaml file: schema.yaml loaded successfully]
[2023-10-25 10:00:36,899: INFO: common: created directory at: artifacts]
[2023-10-25 10:00:36,900: INFO: common: created directory at: artifacts/data_ingestion]
[2023-10-25 10:00:36,900: INFO: data_ingestion: File already exists of size: ~ 23 KB]
[2023-10-25 10:00:36,901: INFO: main: >>>>>> stage Data Ingestion stage completed <<<<<<

x==========x]
[2023-10-25 10:00:36,902: INFO: main: >>>>>> stage Data Validation stage started <<<<<<]
[2023-10-25 10:00:36,904: INFO: common: yaml file: config\config.yaml loaded successfully]
[2023-10-25 10:00:36,904: INFO: common: yaml file: params.yaml loaded successfully]
[2023-10-25 10:00:36,906: INFO: common: yaml file: schema.yaml loaded successfully]
[2023-10-25 10:00:36,906: INFO: common: created directory at: artifacts]
[2023-10-25 10:00:36,906: INFO: common: created directory at: artifacts/data_validation]
[2023-10-25 10:00:36,933: INFO: main: >>>>>> stage Data Validation stage completed <<<<<<

x==========x]
[2023-10-25 10:00:36,933: INFO: main: >>>>>> stage Data Transformation stage started <<<<<<]
[2023-10-25 10:00:36,936: INFO: common: yaml file: config\config.yaml loaded successfully]
[2023-10-25 10:00:36,936: INFO: common: yaml file: params.yaml loaded successfully]
[2023-10-25 10:00:36,937: INFO: common: yaml file: schema.yaml loaded successfully]
[2023-10-25 10:00:36,938: INFO: common: created directory at: artifacts]
[2023-10-25 10:00:36,938: INFO: common: created directory at: artifacts/data_transformation]
[2023-10-25 10:00:36,951: INFO: data_transformation: Splited data into training and test sets]
[2023-10-25 10:00:36,951: INFO: data_transformation: (1199, 12)]
[2023-10-25 10:00:36,952: INFO: data_transformation: (400, 12)]
[2023-10-25 10:00:36,952: INFO: main: >>>>>> stage Data Transformation stage completed <<<<<<

x==========x]
[2023-10-25 10:00:36,952: INFO: main: >>>>>> stage Model Trainer stage started <<<<<<]
[2023-10-25 10:00:36,954: INFO: common: yaml file: config\config.yaml loaded successfully]
[2023-10-25 10:00:36,955: INFO: common: yaml file: params.yaml loaded successfully]
[2023-10-25 10:00:36,956: INFO: common: yaml file: schema.yaml loaded successfully]
[2023-10-25 10:00:36,957: INFO: common: created directory at: artifacts]
[2023-10-25 10:00:36,957: INFO: common: created directory at: artifacts/model_trainer]
[2023-10-25 10:00:36,980: INFO: main: >>>>>> stage Model Trainer stage completed <<<<<<

x==========x]
[2023-10-25 10:00:48,608: INFO: utils: Note: NumExpr detected 16 cores but "NUMEXPR_MAX_THREADS" not set, so enforcing safe limit of 8.]
[2023-10-25 10:00:48,608: INFO: utils: NumExpr defaulting to 8 threads.]
[2023-10-25 10:00:49,156: INFO: main: >>>>>> stage Data Ingestion stage started <<<<<<]
[2023-10-25 10:00:49,157: INFO: common: yaml file: config\config.yaml loaded successfully]
[2023-10-25 10:00:49,158: INFO: common: yaml file: params.yaml loaded successfully]
[2023-10-25 10:00:49,159: INFO: common: yaml file: schema.yaml loaded successfully]
[2023-10-25 10:00:49,159: INFO: common: created directory at: artifacts]
[2023-10-25 10:00:49,160: INFO: common: created directory at: artifacts/data_ingestion]
[2023-10-25 10:00:49,516: INFO: data_ingestion: artifacts/data_ingestion/data.zip download! with following info: 
Connection: close
Content-Length: 23329
Cache-Control: max-age=300
Content-Security-Policy: default-src 'none'; style-src 'unsafe-inline'; sandbox
Content-Type: application/zip
ETag: "c69888a4ae59bc5a893392785a938ccd4937981c06ba8a9d6a21aa52b4ab5b6e"
Strict-Transport-Security: max-age=31536000
X-Content-Type-Options: nosniff
X-Frame-Options: deny
X-XSS-Protection: 1; mode=block
X-GitHub-Request-Id: A66A:4200:48A50F:58C4F2:65391B7A
Accept-Ranges: bytes
Date: Wed, 25 Oct 2023 15:00:50 GMT
Via: 1.1 varnish
X-Served-By: cache-chi-klot8100117-CHI
X-Cache: HIT
X-Cache-Hits: 1
X-Timer: S1698246050.137495,VS0,VE95
Vary: Authorization,Accept-Encoding,Origin
Access-Control-Allow-Origin: *
Cross-Origin-Resource-Policy: cross-origin
X-Fastly-Request-ID: f82acdc04c7380ee0041911f87aca2dd94c94733
Expires: Wed, 25 Oct 2023 15:05:50 GMT
Source-Age: 0

]
[2023-10-25 10:00:49,524: INFO: main: >>>>>> stage Data Ingestion stage completed <<<<<<

x==========x]
[2023-10-25 10:00:49,524: INFO: main: >>>>>> stage Data Validation stage started <<<<<<]
[2023-10-25 10:00:49,526: INFO: common: yaml file: config\config.yaml loaded successfully]
[2023-10-25 10:00:49,526: INFO: common: yaml file: params.yaml loaded successfully]
[2023-10-25 10:00:49,527: INFO: common: yaml file: schema.yaml loaded successfully]
[2023-10-25 10:00:49,528: INFO: common: created directory at: artifacts]
[2023-10-25 10:00:49,528: INFO: common: created directory at: artifacts/data_validation]
[2023-10-25 10:00:49,542: INFO: main: >>>>>> stage Data Validation stage completed <<<<<<

x==========x]
[2023-10-25 10:00:49,543: INFO: main: >>>>>> stage Data Transformation stage started <<<<<<]
[2023-10-25 10:00:49,545: INFO: common: yaml file: config\config.yaml loaded successfully]
[2023-10-25 10:00:49,546: INFO: common: yaml file: params.yaml loaded successfully]
[2023-10-25 10:00:49,547: INFO: common: yaml file: schema.yaml loaded successfully]
[2023-10-25 10:00:49,548: INFO: common: created directory at: artifacts]
[2023-10-25 10:00:49,548: INFO: common: created directory at: artifacts/data_transformation]
[2023-10-25 10:00:49,561: INFO: data_transformation: Splited data into training and test sets]
[2023-10-25 10:00:49,561: INFO: data_transformation: (1199, 12)]
[2023-10-25 10:00:49,562: INFO: data_transformation: (400, 12)]
[2023-10-25 10:00:49,562: INFO: main: >>>>>> stage Data Transformation stage completed <<<<<<

x==========x]
[2023-10-25 10:00:49,562: INFO: main: >>>>>> stage Model Trainer stage started <<<<<<]
[2023-10-25 10:00:49,564: INFO: common: yaml file: config\config.yaml loaded successfully]
[2023-10-25 10:00:49,565: INFO: common: yaml file: params.yaml loaded successfully]
[2023-10-25 10:00:49,566: INFO: common: yaml file: schema.yaml loaded successfully]
[2023-10-25 10:00:49,566: INFO: common: created directory at: artifacts]
[2023-10-25 10:00:49,566: INFO: common: created directory at: artifacts/model_trainer]
[2023-10-25 10:00:49,585: INFO: main: >>>>>> stage Model Trainer stage completed <<<<<<

x==========x]
[2023-10-25 10:01:37,532: INFO: utils: Note: NumExpr detected 16 cores but "NUMEXPR_MAX_THREADS" not set, so enforcing safe limit of 8.]
[2023-10-25 10:01:37,533: INFO: utils: NumExpr defaulting to 8 threads.]
[2023-10-25 10:01:38,675: INFO: common: yaml file: config\config.yaml loaded successfully]
[2023-10-25 10:01:38,676: INFO: common: yaml file: params.yaml loaded successfully]
[2023-10-25 10:01:38,677: INFO: common: yaml file: schema.yaml loaded successfully]
[2023-10-25 10:01:38,678: INFO: common: created directory at: artifacts]
[2023-10-25 10:01:38,678: INFO: common: created directory at: artifacts/model_evaluation]
[2023-10-25 10:01:41,249: INFO: common: json file saved at: artifacts\model_evaluation\metrics.json]
[2023-10-25 10:12:28,712: INFO: utils: Note: NumExpr detected 16 cores but "NUMEXPR_MAX_THREADS" not set, so enforcing safe limit of 8.]
[2023-10-25 10:12:28,713: INFO: utils: NumExpr defaulting to 8 threads.]
[2023-10-25 10:12:29,823: INFO: common: yaml file: config\config.yaml loaded successfully]
[2023-10-25 10:12:29,824: INFO: common: yaml file: params.yaml loaded successfully]
[2023-10-25 10:12:29,826: INFO: common: yaml file: schema.yaml loaded successfully]
[2023-10-25 10:12:29,827: INFO: common: created directory at: artifacts]
[2023-10-25 10:12:29,827: INFO: common: created directory at: artifacts/model_evaluation]
[2023-10-25 10:12:37,518: INFO: common: json file saved at: artifacts\model_evaluation\metrics.json]
[2023-10-25 10:15:24,838: INFO: utils: Note: NumExpr detected 16 cores but "NUMEXPR_MAX_THREADS" not set, so enforcing safe limit of 8.]
[2023-10-25 10:15:24,839: INFO: utils: NumExpr defaulting to 8 threads.]
[2023-10-25 10:15:25,557: INFO: common: yaml file: config\config.yaml loaded successfully]
[2023-10-25 10:15:25,558: INFO: common: yaml file: params.yaml loaded successfully]
[2023-10-25 10:15:25,559: INFO: common: yaml file: schema.yaml loaded successfully]
[2023-10-25 10:15:25,560: INFO: common: created directory at: artifacts]
[2023-10-25 10:15:25,560: INFO: common: created directory at: artifacts/model_trainer]
[2023-10-25 10:15:54,989: INFO: utils: Note: NumExpr detected 16 cores but "NUMEXPR_MAX_THREADS" not set, so enforcing safe limit of 8.]
[2023-10-25 10:15:54,990: INFO: utils: NumExpr defaulting to 8 threads.]
[2023-10-25 10:15:56,044: INFO: common: yaml file: config\config.yaml loaded successfully]
[2023-10-25 10:15:56,045: INFO: common: yaml file: params.yaml loaded successfully]
[2023-10-25 10:15:56,047: INFO: common: yaml file: schema.yaml loaded successfully]
[2023-10-25 10:15:56,048: INFO: common: created directory at: artifacts]
[2023-10-25 10:15:56,049: INFO: common: created directory at: artifacts/model_evaluation]
[2023-10-25 10:15:56,682: INFO: common: json file saved at: artifacts\model_evaluation\metrics.json]
[2023-10-25 10:19:36,908: INFO: utils: Note: NumExpr detected 16 cores but "NUMEXPR_MAX_THREADS" not set, so enforcing safe limit of 8.]
[2023-10-25 10:19:36,908: INFO: utils: NumExpr defaulting to 8 threads.]
[2023-10-25 10:19:38,232: INFO: main: >>>>>> stage Data Ingestion stage started <<<<<<]
[2023-10-25 10:19:38,233: INFO: common: yaml file: config\config.yaml loaded successfully]
[2023-10-25 10:19:38,234: INFO: common: yaml file: params.yaml loaded successfully]
[2023-10-25 10:19:38,235: INFO: common: yaml file: schema.yaml loaded successfully]
[2023-10-25 10:19:38,235: INFO: common: created directory at: artifacts]
[2023-10-25 10:19:38,235: INFO: common: created directory at: artifacts/data_ingestion]
[2023-10-25 10:19:38,552: INFO: data_ingestion: artifacts/data_ingestion/data.zip download! with following info: 
Connection: close
Content-Length: 23329
Cache-Control: max-age=300
Content-Security-Policy: default-src 'none'; style-src 'unsafe-inline'; sandbox
Content-Type: application/zip
ETag: "c69888a4ae59bc5a893392785a938ccd4937981c06ba8a9d6a21aa52b4ab5b6e"
Strict-Transport-Security: max-age=31536000
X-Content-Type-Options: nosniff
X-Frame-Options: deny
X-XSS-Protection: 1; mode=block
X-GitHub-Request-Id: A66A:4200:48A50F:58C4F2:65391B7A
Accept-Ranges: bytes
Date: Wed, 25 Oct 2023 15:19:39 GMT
Via: 1.1 varnish
X-Served-By: cache-chi-klot8100143-CHI
X-Cache: HIT
X-Cache-Hits: 1
X-Timer: S1698247179.198089,VS0,VE75
Vary: Authorization,Accept-Encoding,Origin
Access-Control-Allow-Origin: *
Cross-Origin-Resource-Policy: cross-origin
X-Fastly-Request-ID: ae9b7bcdf41bdd0797334e1d0459d4a8c141bfa6
Expires: Wed, 25 Oct 2023 15:24:39 GMT
Source-Age: 0

]
[2023-10-25 10:19:38,561: INFO: main: >>>>>> stage Data Ingestion stage completed <<<<<<

x==========x]
[2023-10-25 10:19:38,561: INFO: main: >>>>>> stage Data Validation stage started <<<<<<]
[2023-10-25 10:19:38,563: INFO: common: yaml file: config\config.yaml loaded successfully]
[2023-10-25 10:19:38,563: INFO: common: yaml file: params.yaml loaded successfully]
[2023-10-25 10:19:38,564: INFO: common: yaml file: schema.yaml loaded successfully]
[2023-10-25 10:19:38,565: INFO: common: created directory at: artifacts]
[2023-10-25 10:19:38,565: INFO: common: created directory at: artifacts/data_validation]
[2023-10-25 10:19:38,577: INFO: main: >>>>>> stage Data Validation stage completed <<<<<<

x==========x]
[2023-10-25 10:19:38,578: INFO: main: >>>>>> stage Data Transformation stage started <<<<<<]
[2023-10-25 10:19:38,580: INFO: common: yaml file: config\config.yaml loaded successfully]
[2023-10-25 10:19:38,581: INFO: common: yaml file: params.yaml loaded successfully]
[2023-10-25 10:19:38,582: INFO: common: yaml file: schema.yaml loaded successfully]
[2023-10-25 10:19:38,583: INFO: common: created directory at: artifacts]
[2023-10-25 10:19:38,584: INFO: common: created directory at: artifacts/data_transformation]
[2023-10-25 10:19:38,596: INFO: data_transformation: Splited data into training and test sets]
[2023-10-25 10:19:38,596: INFO: data_transformation: (1199, 12)]
[2023-10-25 10:19:38,597: INFO: data_transformation: (400, 12)]
[2023-10-25 10:19:38,597: INFO: main: >>>>>> stage Data Transformation stage completed <<<<<<

x==========x]
[2023-10-25 10:19:38,598: INFO: main: >>>>>> stage Model Trainer stage started <<<<<<]
[2023-10-25 10:19:38,599: INFO: common: yaml file: config\config.yaml loaded successfully]
[2023-10-25 10:19:38,600: INFO: common: yaml file: params.yaml loaded successfully]
[2023-10-25 10:19:38,601: INFO: common: yaml file: schema.yaml loaded successfully]
[2023-10-25 10:19:38,601: INFO: common: created directory at: artifacts]
[2023-10-25 10:19:38,602: INFO: common: created directory at: artifacts/model_trainer]
[2023-10-25 10:19:38,624: INFO: main: >>>>>> stage Model Trainer stage completed <<<<<<

x==========x]
[2023-10-25 10:19:38,625: INFO: main: >>>>>> stage Model evaluation stage started <<<<<<]
[2023-10-25 10:19:38,626: INFO: common: yaml file: config\config.yaml loaded successfully]
[2023-10-25 10:19:38,627: INFO: common: yaml file: params.yaml loaded successfully]
[2023-10-25 10:19:38,628: INFO: common: yaml file: schema.yaml loaded successfully]
[2023-10-25 10:19:38,629: INFO: common: created directory at: artifacts]
[2023-10-25 10:19:38,630: INFO: common: created directory at: artifacts/model_evaluation]
[2023-10-25 10:19:41,143: INFO: common: json file saved at: artifacts\model_evaluation\metrics.json]
[2023-10-25 10:20:05,741: INFO: main: >>>>>> stage Model evaluation stage completed <<<<<<

x==========x]
[2023-10-25 10:39:48,655: INFO: _internal: [31m[1mWARNING: This is a development server. Do not use it in a production deployment. Use a production WSGI server instead.[0m
 * Running on all addresses (0.0.0.0)
 * Running on http://127.0.0.1:8080
 * Running on http://192.168.1.13:8080]
[2023-10-25 10:39:48,655: INFO: _internal: [33mPress CTRL+C to quit[0m]
[2023-10-25 10:39:54,904: INFO: _internal: 127.0.0.1 - - [25/Oct/2023 10:39:54] "GET / HTTP/1.1" 200 -]
[2023-10-25 10:39:54,948: INFO: _internal: 127.0.0.1 - - [25/Oct/2023 10:39:54] "[36mGET /static/css/styles.css HTTP/1.1[0m" 304 -]
[2023-10-25 10:39:55,162: INFO: _internal: 127.0.0.1 - - [25/Oct/2023 10:39:55] "[36mGET /static/css2/nunito-font.css HTTP/1.1[0m" 304 -]
[2023-10-25 10:39:55,233: INFO: _internal: 127.0.0.1 - - [25/Oct/2023 10:39:55] "[36mGET /static/js/scripts.js HTTP/1.1[0m" 304 -]
[2023-10-25 10:39:55,234: INFO: _internal: 127.0.0.1 - - [25/Oct/2023 10:39:55] "[36mGET /static/css2/style.css HTTP/1.1[0m" 304 -]
[2023-10-25 10:39:55,264: INFO: _internal: 127.0.0.1 - - [25/Oct/2023 10:39:55] "[33mGET /static/fonts/Nunito/Nunito-Bold.ttf HTTP/1.1[0m" 404 -]
[2023-10-25 10:39:55,544: INFO: _internal: 127.0.0.1 - - [25/Oct/2023 10:39:55] "[33mGET /static/assets/img/wine.jpg HTTP/1.1[0m" 404 -]
[2023-10-25 10:39:55,547: INFO: _internal: 127.0.0.1 - - [25/Oct/2023 10:39:55] "[36mGET /static/assets/img/form-v9.jpg HTTP/1.1[0m" 304 -]
[2023-10-25 10:39:59,835: INFO: utils: Note: NumExpr detected 16 cores but "NUMEXPR_MAX_THREADS" not set, so enforcing safe limit of 8.]
[2023-10-25 10:39:59,835: INFO: utils: NumExpr defaulting to 8 threads.]
[2023-10-25 10:40:01,175: INFO: main: >>>>>> stage Data Ingestion stage started <<<<<<]
[2023-10-25 10:40:01,177: INFO: common: yaml file: config\config.yaml loaded successfully]
[2023-10-25 10:40:01,179: INFO: common: yaml file: params.yaml loaded successfully]
[2023-10-25 10:40:01,183: INFO: common: yaml file: schema.yaml loaded successfully]
[2023-10-25 10:40:01,184: INFO: common: created directory at: artifacts]
[2023-10-25 10:40:01,184: INFO: common: created directory at: artifacts/data_ingestion]
[2023-10-25 10:40:01,506: INFO: data_ingestion: artifacts/data_ingestion/data.zip download! with following info: 
Connection: close
Content-Length: 23329
Cache-Control: max-age=300
Content-Security-Policy: default-src 'none'; style-src 'unsafe-inline'; sandbox
Content-Type: application/zip
ETag: "c69888a4ae59bc5a893392785a938ccd4937981c06ba8a9d6a21aa52b4ab5b6e"
Strict-Transport-Security: max-age=31536000
X-Content-Type-Options: nosniff
X-Frame-Options: deny
X-XSS-Protection: 1; mode=block
X-GitHub-Request-Id: A66A:4200:48A50F:58C4F2:65391B7A
Accept-Ranges: bytes
Date: Wed, 25 Oct 2023 15:40:02 GMT
Via: 1.1 varnish
X-Served-By: cache-chi-klot8100145-CHI
X-Cache: HIT
X-Cache-Hits: 1
X-Timer: S1698248402.143622,VS0,VE79
Vary: Authorization,Accept-Encoding,Origin
Access-Control-Allow-Origin: *
Cross-Origin-Resource-Policy: cross-origin
X-Fastly-Request-ID: 68b5f652fbba09068b5922179c4fc680aa0ad2c2
Expires: Wed, 25 Oct 2023 15:45:02 GMT
Source-Age: 0

]
[2023-10-25 10:40:01,516: INFO: main: >>>>>> stage Data Ingestion stage completed <<<<<<

x==========x]
[2023-10-25 10:40:01,516: INFO: main: >>>>>> stage Data Validation stage started <<<<<<]
[2023-10-25 10:40:01,518: INFO: common: yaml file: config\config.yaml loaded successfully]
[2023-10-25 10:40:01,518: INFO: common: yaml file: params.yaml loaded successfully]
[2023-10-25 10:40:01,519: INFO: common: yaml file: schema.yaml loaded successfully]
[2023-10-25 10:40:01,520: INFO: common: created directory at: artifacts]
[2023-10-25 10:40:01,520: INFO: common: created directory at: artifacts/data_validation]
[2023-10-25 10:40:01,533: INFO: main: >>>>>> stage Data Validation stage completed <<<<<<

x==========x]
[2023-10-25 10:40:01,533: INFO: main: >>>>>> stage Data Transformation stage started <<<<<<]
[2023-10-25 10:40:01,535: INFO: common: yaml file: config\config.yaml loaded successfully]
[2023-10-25 10:40:01,536: INFO: common: yaml file: params.yaml loaded successfully]
[2023-10-25 10:40:01,537: INFO: common: yaml file: schema.yaml loaded successfully]
[2023-10-25 10:40:01,538: INFO: common: created directory at: artifacts]
[2023-10-25 10:40:01,541: INFO: common: created directory at: artifacts/data_transformation]
[2023-10-25 10:40:01,554: INFO: data_transformation: Splited data into training and test sets]
[2023-10-25 10:40:01,554: INFO: data_transformation: (1199, 12)]
[2023-10-25 10:40:01,554: INFO: data_transformation: (400, 12)]
[2023-10-25 10:40:01,555: INFO: main: >>>>>> stage Data Transformation stage completed <<<<<<

x==========x]
[2023-10-25 10:40:01,555: INFO: main: >>>>>> stage Model Trainer stage started <<<<<<]
[2023-10-25 10:40:01,557: INFO: common: yaml file: config\config.yaml loaded successfully]
[2023-10-25 10:40:01,557: INFO: common: yaml file: params.yaml loaded successfully]
[2023-10-25 10:40:01,558: INFO: common: yaml file: schema.yaml loaded successfully]
[2023-10-25 10:40:01,559: INFO: common: created directory at: artifacts]
[2023-10-25 10:40:01,559: INFO: common: created directory at: artifacts/model_trainer]
[2023-10-25 10:40:01,578: INFO: main: >>>>>> stage Model Trainer stage completed <<<<<<

x==========x]
[2023-10-25 10:40:01,578: INFO: main: >>>>>> stage Model evaluation stage started <<<<<<]
[2023-10-25 10:40:01,580: INFO: common: yaml file: config\config.yaml loaded successfully]
[2023-10-25 10:40:01,581: INFO: common: yaml file: params.yaml loaded successfully]
[2023-10-25 10:40:01,582: INFO: common: yaml file: schema.yaml loaded successfully]
[2023-10-25 10:40:01,583: INFO: common: created directory at: artifacts]
[2023-10-25 10:40:01,583: INFO: common: created directory at: artifacts/model_evaluation]
[2023-10-25 10:40:02,268: INFO: common: json file saved at: artifacts\model_evaluation\metrics.json]
[2023-10-25 10:40:24,726: INFO: main: >>>>>> stage Model evaluation stage completed <<<<<<

x==========x]
[2023-10-25 10:40:24,959: INFO: _internal: 127.0.0.1 - - [25/Oct/2023 10:40:24] "GET /train HTTP/1.1" 200 -]
[2023-10-25 10:40:34,938: INFO: _internal: 127.0.0.1 - - [25/Oct/2023 10:40:34] "GET / HTTP/1.1" 200 -]
[2023-10-25 10:40:34,959: INFO: _internal: 127.0.0.1 - - [25/Oct/2023 10:40:34] "[36mGET /static/css/styles.css HTTP/1.1[0m" 304 -]
[2023-10-25 10:40:35,275: INFO: _internal: 127.0.0.1 - - [25/Oct/2023 10:40:35] "[36mGET /static/css2/style.css HTTP/1.1[0m" 304 -]
[2023-10-25 10:40:35,276: INFO: _internal: 127.0.0.1 - - [25/Oct/2023 10:40:35] "[33mGET /static/assets/img/wine.jpg HTTP/1.1[0m" 404 -]
[2023-10-25 10:40:35,276: INFO: _internal: 127.0.0.1 - - [25/Oct/2023 10:40:35] "[36mGET /static/js/scripts.js HTTP/1.1[0m" 304 -]
[2023-10-25 10:40:35,277: INFO: _internal: 127.0.0.1 - - [25/Oct/2023 10:40:35] "[36mGET /static/css2/nunito-font.css HTTP/1.1[0m" 304 -]
[2023-10-25 10:40:35,600: INFO: _internal: 127.0.0.1 - - [25/Oct/2023 10:40:35] "[33mGET /static/fonts/Nunito/Nunito-Bold.ttf HTTP/1.1[0m" 404 -]
[2023-10-25 10:40:35,601: INFO: _internal: 127.0.0.1 - - [25/Oct/2023 10:40:35] "[36mGET /static/assets/img/form-v9.jpg HTTP/1.1[0m" 304 -]
[2023-10-25 10:40:45,873: INFO: _internal: 127.0.0.1 - - [25/Oct/2023 10:40:45] "POST /predict HTTP/1.1" 200 -]
[2023-10-25 10:40:45,892: INFO: _internal: 127.0.0.1 - - [25/Oct/2023 10:40:45] "[36mGET /static/css/styles.css HTTP/1.1[0m" 304 -]
[2023-10-25 10:40:46,206: INFO: _internal: 127.0.0.1 - - [25/Oct/2023 10:40:46] "[36mGET /static/js/scripts.js HTTP/1.1[0m" 304 -]
[2023-10-25 10:40:46,221: INFO: _internal: 127.0.0.1 - - [25/Oct/2023 10:40:46] "[33mGET /static/assets/img/wine.gif HTTP/1.1[0m" 404 -]
[2023-10-25 10:40:53,942: INFO: _internal: 127.0.0.1 - - [25/Oct/2023 10:40:53] "GET / HTTP/1.1" 200 -]
[2023-10-25 10:40:53,962: INFO: _internal: 127.0.0.1 - - [25/Oct/2023 10:40:53] "[36mGET /static/css/styles.css HTTP/1.1[0m" 304 -]
[2023-10-25 10:40:54,204: INFO: _internal: 127.0.0.1 - - [25/Oct/2023 10:40:54] "[36mGET /static/css2/nunito-font.css HTTP/1.1[0m" 304 -]
[2023-10-25 10:40:54,265: INFO: _internal: 127.0.0.1 - - [25/Oct/2023 10:40:54] "[36mGET /static/css2/style.css HTTP/1.1[0m" 304 -]
[2023-10-25 10:40:54,265: INFO: _internal: 127.0.0.1 - - [25/Oct/2023 10:40:54] "[36mGET /static/js/scripts.js HTTP/1.1[0m" 304 -]
[2023-10-25 10:40:54,271: INFO: _internal: 127.0.0.1 - - [25/Oct/2023 10:40:54] "[33mGET /static/assets/img/wine.jpg HTTP/1.1[0m" 404 -]
[2023-10-25 10:40:54,577: INFO: _internal: 127.0.0.1 - - [25/Oct/2023 10:40:54] "[33mGET /static/fonts/Nunito/Nunito-Bold.ttf HTTP/1.1[0m" 404 -]
[2023-10-25 10:40:54,592: INFO: _internal: 127.0.0.1 - - [25/Oct/2023 10:40:54] "[36mGET /static/assets/img/form-v9.jpg HTTP/1.1[0m" 304 -]
[2023-10-25 11:00:43,361: INFO: utils: Note: NumExpr detected 16 cores but "NUMEXPR_MAX_THREADS" not set, so enforcing safe limit of 8.]
[2023-10-25 11:00:43,362: INFO: utils: NumExpr defaulting to 8 threads.]
[2023-12-29 17:14:16,917: INFO: _internal: [31m[1mWARNING: This is a development server. Do not use it in a production deployment. Use a production WSGI server instead.[0m
 * Running on all addresses (0.0.0.0)
 * Running on http://127.0.0.1:8080
 * Running on http://192.168.1.13:8080]
[2023-12-29 17:14:16,918: INFO: _internal: [33mPress CTRL+C to quit[0m]
[2023-12-29 17:14:40,618: INFO: _internal: 127.0.0.1 - - [29/Dec/2023 17:14:40] "GET / HTTP/1.1" 200 -]
[2023-12-29 17:14:40,696: INFO: _internal: 127.0.0.1 - - [29/Dec/2023 17:14:40] "GET /static/css/styles.css HTTP/1.1" 200 -]
[2023-12-29 17:14:40,866: INFO: _internal: 127.0.0.1 - - [29/Dec/2023 17:14:40] "GET /static/css2/nunito-font.css HTTP/1.1" 200 -]
[2023-12-29 17:14:40,943: INFO: _internal: 127.0.0.1 - - [29/Dec/2023 17:14:40] "GET /static/css2/style.css HTTP/1.1" 200 -]
[2023-12-29 17:14:40,960: INFO: _internal: 127.0.0.1 - - [29/Dec/2023 17:14:40] "GET /static/js/scripts.js HTTP/1.1" 200 -]
[2023-12-29 17:14:41,231: INFO: _internal: 127.0.0.1 - - [29/Dec/2023 17:14:41] "[33mGET /static/fonts/Nunito/Nunito-Bold.ttf HTTP/1.1[0m" 404 -]
[2023-12-29 17:14:41,258: INFO: _internal: 127.0.0.1 - - [29/Dec/2023 17:14:41] "[33mGET /static/assets/img/wine.jpg HTTP/1.1[0m" 404 -]
[2023-12-29 17:14:41,282: INFO: _internal: 127.0.0.1 - - [29/Dec/2023 17:14:41] "GET /static/assets/img/form-v9.jpg HTTP/1.1" 200 -]
[2023-12-29 17:14:41,610: INFO: _internal: 127.0.0.1 - - [29/Dec/2023 17:14:41] "GET /static/assets/favicon.ico HTTP/1.1" 200 -]
[2023-12-29 17:14:45,986: INFO: utils: Note: NumExpr detected 16 cores but "NUMEXPR_MAX_THREADS" not set, so enforcing safe limit of 8.]
[2023-12-29 17:14:45,986: INFO: utils: NumExpr defaulting to 8 threads.]
[2023-12-29 17:14:47,892: INFO: main: >>>>>> stage Data Ingestion stage started <<<<<<]
[2023-12-29 17:14:47,894: INFO: common: yaml file: config\config.yaml loaded successfully]
[2023-12-29 17:14:47,896: INFO: common: yaml file: params.yaml loaded successfully]
[2023-12-29 17:14:47,897: INFO: common: yaml file: schema.yaml loaded successfully]
[2023-12-29 17:14:47,898: INFO: common: created directory at: artifacts]
[2023-12-29 17:14:47,898: INFO: common: created directory at: artifacts/data_ingestion]
[2023-12-29 17:14:47,898: INFO: data_ingestion: File already exists of size: ~ 23 KB]
[2023-12-29 17:14:47,906: INFO: main: >>>>>> stage Data Ingestion stage completed <<<<<<

x==========x]
[2023-12-29 17:14:47,907: INFO: main: >>>>>> stage Data Validation stage started <<<<<<]
[2023-12-29 17:14:47,908: INFO: common: yaml file: config\config.yaml loaded successfully]
[2023-12-29 17:14:47,909: INFO: common: yaml file: params.yaml loaded successfully]
[2023-12-29 17:14:47,910: INFO: common: yaml file: schema.yaml loaded successfully]
[2023-12-29 17:14:47,910: INFO: common: created directory at: artifacts]
[2023-12-29 17:14:47,910: INFO: common: created directory at: artifacts/data_validation]
[2023-12-29 17:14:47,934: INFO: main: >>>>>> stage Data Validation stage completed <<<<<<

x==========x]
[2023-12-29 17:14:47,934: INFO: main: >>>>>> stage Data Transformation stage started <<<<<<]
[2023-12-29 17:14:47,941: INFO: common: yaml file: config\config.yaml loaded successfully]
[2023-12-29 17:14:47,942: INFO: common: yaml file: params.yaml loaded successfully]
[2023-12-29 17:14:47,943: INFO: common: yaml file: schema.yaml loaded successfully]
[2023-12-29 17:14:47,944: INFO: common: created directory at: artifacts]
[2023-12-29 17:14:47,944: INFO: common: created directory at: artifacts/data_transformation]
[2023-12-29 17:14:47,964: INFO: data_transformation: Splited data into training and test sets]
[2023-12-29 17:14:47,964: INFO: data_transformation: (1199, 12)]
[2023-12-29 17:14:47,964: INFO: data_transformation: (400, 12)]
[2023-12-29 17:14:47,964: INFO: main: >>>>>> stage Data Transformation stage completed <<<<<<

x==========x]
[2023-12-29 17:14:47,964: INFO: main: >>>>>> stage Model Trainer stage started <<<<<<]
[2023-12-29 17:14:47,966: INFO: common: yaml file: config\config.yaml loaded successfully]
[2023-12-29 17:14:47,967: INFO: common: yaml file: params.yaml loaded successfully]
[2023-12-29 17:14:47,968: INFO: common: yaml file: schema.yaml loaded successfully]
[2023-12-29 17:14:47,968: INFO: common: created directory at: artifacts]
[2023-12-29 17:14:47,968: INFO: common: created directory at: artifacts/model_trainer]
[2023-12-29 17:14:48,009: INFO: main: >>>>>> stage Model Trainer stage completed <<<<<<

x==========x]
[2023-12-29 17:14:48,010: INFO: main: >>>>>> stage Model evaluation stage started <<<<<<]
[2023-12-29 17:14:48,011: INFO: common: yaml file: config\config.yaml loaded successfully]
[2023-12-29 17:14:48,012: INFO: common: yaml file: params.yaml loaded successfully]
[2023-12-29 17:14:48,013: INFO: common: yaml file: schema.yaml loaded successfully]
[2023-12-29 17:14:48,014: INFO: common: created directory at: artifacts]
[2023-12-29 17:14:48,014: INFO: common: created directory at: artifacts/model_evaluation]
[2023-12-29 17:14:48,184: INFO: common: json file saved at: artifacts\model_evaluation\metrics.json]
[2023-12-29 17:14:50,787: ERROR: main: The configured tracking uri scheme: 'file' is invalid for use with the proxy mlflow-artifact scheme. The allowed tracking schemes are: {'http', 'https'}]
Traceback (most recent call last):
  File "C:\Users\vinit\Desktop\MLOps\main.py", line 52, in <module>
    data_ingestion.main()
  File "c:\users\vinit\desktop\mlops\src\mlProject\pipeline\model_evaluation_5.py", line 15, in main
    model_evaluation_config.log_into_mlflow()
  File "c:\users\vinit\desktop\mlops\src\mlProject\components\model_evaluation.py", line 66, in log_into_mlflow
    mlflow.sklearn.log_model(model, "model")
  File "C:\Users\vinit\anaconda3\Lib\site-packages\mlflow\sklearn\__init__.py", line 424, in log_model
    return Model.log(
           ^^^^^^^^^^
  File "C:\Users\vinit\anaconda3\Lib\site-packages\mlflow\models\model.py", line 552, in log
    mlflow.tracking.fluent.log_artifacts(local_path, mlflow_model.artifact_path)
  File "C:\Users\vinit\anaconda3\Lib\site-packages\mlflow\tracking\fluent.py", line 817, in log_artifacts
    MlflowClient().log_artifacts(run_id, local_dir, artifact_path)
  File "C:\Users\vinit\anaconda3\Lib\site-packages\mlflow\tracking\client.py", line 1069, in log_artifacts
    self._tracking_client.log_artifacts(run_id, local_dir, artifact_path)
  File "C:\Users\vinit\anaconda3\Lib\site-packages\mlflow\tracking\_tracking_service\client.py", line 448, in log_artifacts
    self._get_artifact_repo(run_id).log_artifacts(local_dir, artifact_path)
    ^^^^^^^^^^^^^^^^^^^^^^^^^^^^^^^
  File "C:\Users\vinit\anaconda3\Lib\site-packages\mlflow\tracking\_tracking_service\client.py", line 416, in _get_artifact_repo
    artifact_repo = get_artifact_repository(artifact_uri)
                    ^^^^^^^^^^^^^^^^^^^^^^^^^^^^^^^^^^^^^
  File "C:\Users\vinit\anaconda3\Lib\site-packages\mlflow\store\artifact\artifact_repository_registry.py", line 106, in get_artifact_repository
    return _artifact_repository_registry.get_artifact_repository(artifact_uri)
           ^^^^^^^^^^^^^^^^^^^^^^^^^^^^^^^^^^^^^^^^^^^^^^^^^^^^^^^^^^^^^^^^^^^
  File "C:\Users\vinit\anaconda3\Lib\site-packages\mlflow\store\artifact\artifact_repository_registry.py", line 72, in get_artifact_repository
    return repository(artifact_uri)
           ^^^^^^^^^^^^^^^^^^^^^^^^
  File "C:\Users\vinit\anaconda3\Lib\site-packages\mlflow\store\artifact\mlflow_artifacts_repo.py", line 45, in __init__
    super().__init__(self.resolve_uri(artifact_uri, get_tracking_uri()))
                     ^^^^^^^^^^^^^^^^^^^^^^^^^^^^^^^^^^^^^^^^^^^^^^^^^^
  File "C:\Users\vinit\anaconda3\Lib\site-packages\mlflow\store\artifact\mlflow_artifacts_repo.py", line 59, in resolve_uri
    _validate_uri_scheme(track_parse.scheme)
  File "C:\Users\vinit\anaconda3\Lib\site-packages\mlflow\store\artifact\mlflow_artifacts_repo.py", line 35, in _validate_uri_scheme
    raise MlflowException(
mlflow.exceptions.MlflowException: The configured tracking uri scheme: 'file' is invalid for use with the proxy mlflow-artifact scheme. The allowed tracking schemes are: {'http', 'https'}
[2023-12-29 17:14:51,025: INFO: _internal: 127.0.0.1 - - [29/Dec/2023 17:14:51] "GET /train HTTP/1.1" 200 -]
[2023-12-29 17:14:51,100: INFO: _internal: 127.0.0.1 - - [29/Dec/2023 17:14:51] "[33mGET /favicon.ico HTTP/1.1[0m" 404 -]
[2023-12-29 17:16:44,595: INFO: utils: Note: NumExpr detected 16 cores but "NUMEXPR_MAX_THREADS" not set, so enforcing safe limit of 8.]
[2023-12-29 17:16:44,595: INFO: utils: NumExpr defaulting to 8 threads.]
[2023-12-29 17:16:45,962: INFO: main: >>>>>> stage Data Ingestion stage started <<<<<<]
[2023-12-29 17:16:45,964: INFO: common: yaml file: config\config.yaml loaded successfully]
[2023-12-29 17:16:45,965: INFO: common: yaml file: params.yaml loaded successfully]
[2023-12-29 17:16:45,966: INFO: common: yaml file: schema.yaml loaded successfully]
[2023-12-29 17:16:45,966: INFO: common: created directory at: artifacts]
[2023-12-29 17:16:45,967: INFO: common: created directory at: artifacts/data_ingestion]
[2023-12-29 17:16:46,293: INFO: data_ingestion: artifacts/data_ingestion/data.zip download! with following info: 
Connection: close
Content-Length: 23329
Cache-Control: max-age=300
Content-Security-Policy: default-src 'none'; style-src 'unsafe-inline'; sandbox
Content-Type: application/zip
ETag: "c69888a4ae59bc5a893392785a938ccd4937981c06ba8a9d6a21aa52b4ab5b6e"
Strict-Transport-Security: max-age=31536000
X-Content-Type-Options: nosniff
X-Frame-Options: deny
X-XSS-Protection: 1; mode=block
X-GitHub-Request-Id: 3B7A:2C77:4B6710:5E8CEC:658F535A
Accept-Ranges: bytes
Date: Fri, 29 Dec 2023 23:16:47 GMT
Via: 1.1 varnish
X-Served-By: cache-chi-klot8100096-CHI
X-Cache: MISS
X-Cache-Hits: 0
X-Timer: S1703891808.549083,VS0,VE96
Vary: Authorization,Accept-Encoding,Origin
Access-Control-Allow-Origin: *
Cross-Origin-Resource-Policy: cross-origin
X-Fastly-Request-ID: 4835c309e2d8785e32071da5e82dfabf87e38841
Expires: Fri, 29 Dec 2023 23:21:47 GMT
Source-Age: 0

]
[2023-12-29 17:16:46,300: INFO: main: >>>>>> stage Data Ingestion stage completed <<<<<<

x==========x]
[2023-12-29 17:16:46,300: INFO: main: >>>>>> stage Data Validation stage started <<<<<<]
[2023-12-29 17:16:46,302: INFO: common: yaml file: config\config.yaml loaded successfully]
[2023-12-29 17:16:46,303: INFO: common: yaml file: params.yaml loaded successfully]
[2023-12-29 17:16:46,304: INFO: common: yaml file: schema.yaml loaded successfully]
[2023-12-29 17:16:46,304: INFO: common: created directory at: artifacts]
[2023-12-29 17:16:46,305: INFO: common: created directory at: artifacts/data_validation]
[2023-12-29 17:16:46,317: INFO: main: >>>>>> stage Data Validation stage completed <<<<<<

x==========x]
[2023-12-29 17:16:46,318: INFO: main: >>>>>> stage Data Transformation stage started <<<<<<]
[2023-12-29 17:16:46,321: INFO: common: yaml file: config\config.yaml loaded successfully]
[2023-12-29 17:16:46,321: INFO: common: yaml file: params.yaml loaded successfully]
[2023-12-29 17:16:46,322: INFO: common: yaml file: schema.yaml loaded successfully]
[2023-12-29 17:16:46,323: INFO: common: created directory at: artifacts]
[2023-12-29 17:16:46,323: INFO: common: created directory at: artifacts/data_transformation]
[2023-12-29 17:16:46,336: INFO: data_transformation: Splited data into training and test sets]
[2023-12-29 17:16:46,337: INFO: data_transformation: (1199, 12)]
[2023-12-29 17:16:46,337: INFO: data_transformation: (400, 12)]
[2023-12-29 17:16:46,337: INFO: main: >>>>>> stage Data Transformation stage completed <<<<<<

x==========x]
[2023-12-29 17:16:46,337: INFO: main: >>>>>> stage Model Trainer stage started <<<<<<]
[2023-12-29 17:16:46,339: INFO: common: yaml file: config\config.yaml loaded successfully]
[2023-12-29 17:16:46,340: INFO: common: yaml file: params.yaml loaded successfully]
[2023-12-29 17:16:46,341: INFO: common: yaml file: schema.yaml loaded successfully]
[2023-12-29 17:16:46,341: INFO: common: created directory at: artifacts]
[2023-12-29 17:16:46,341: INFO: common: created directory at: artifacts/model_trainer]
[2023-12-29 17:16:46,360: INFO: main: >>>>>> stage Model Trainer stage completed <<<<<<

x==========x]
[2023-12-29 17:16:46,361: INFO: main: >>>>>> stage Model evaluation stage started <<<<<<]
[2023-12-29 17:16:46,362: INFO: common: yaml file: config\config.yaml loaded successfully]
[2023-12-29 17:16:46,363: INFO: common: yaml file: params.yaml loaded successfully]
[2023-12-29 17:16:46,364: INFO: common: yaml file: schema.yaml loaded successfully]
[2023-12-29 17:16:46,364: INFO: common: created directory at: artifacts]
[2023-12-29 17:16:46,365: INFO: common: created directory at: artifacts/model_evaluation]
[2023-12-29 17:16:46,534: INFO: common: json file saved at: artifacts\model_evaluation\metrics.json]
[2023-12-29 17:16:49,203: ERROR: main: The configured tracking uri scheme: 'file' is invalid for use with the proxy mlflow-artifact scheme. The allowed tracking schemes are: {'http', 'https'}]
Traceback (most recent call last):
  File "C:\Users\vinit\Desktop\MLOps\main.py", line 52, in <module>
    data_ingestion.main()
  File "c:\users\vinit\desktop\mlops\src\mlProject\pipeline\model_evaluation_5.py", line 15, in main
    model_evaluation_config.log_into_mlflow()
  File "c:\users\vinit\desktop\mlops\src\mlProject\components\model_evaluation.py", line 66, in log_into_mlflow
    mlflow.sklearn.log_model(model, "model")
  File "C:\Users\vinit\anaconda3\Lib\site-packages\mlflow\sklearn\__init__.py", line 424, in log_model
    return Model.log(
           ^^^^^^^^^^
  File "C:\Users\vinit\anaconda3\Lib\site-packages\mlflow\models\model.py", line 552, in log
    mlflow.tracking.fluent.log_artifacts(local_path, mlflow_model.artifact_path)
  File "C:\Users\vinit\anaconda3\Lib\site-packages\mlflow\tracking\fluent.py", line 817, in log_artifacts
    MlflowClient().log_artifacts(run_id, local_dir, artifact_path)
  File "C:\Users\vinit\anaconda3\Lib\site-packages\mlflow\tracking\client.py", line 1069, in log_artifacts
    self._tracking_client.log_artifacts(run_id, local_dir, artifact_path)
  File "C:\Users\vinit\anaconda3\Lib\site-packages\mlflow\tracking\_tracking_service\client.py", line 448, in log_artifacts
    self._get_artifact_repo(run_id).log_artifacts(local_dir, artifact_path)
    ^^^^^^^^^^^^^^^^^^^^^^^^^^^^^^^
  File "C:\Users\vinit\anaconda3\Lib\site-packages\mlflow\tracking\_tracking_service\client.py", line 416, in _get_artifact_repo
    artifact_repo = get_artifact_repository(artifact_uri)
                    ^^^^^^^^^^^^^^^^^^^^^^^^^^^^^^^^^^^^^
  File "C:\Users\vinit\anaconda3\Lib\site-packages\mlflow\store\artifact\artifact_repository_registry.py", line 106, in get_artifact_repository
    return _artifact_repository_registry.get_artifact_repository(artifact_uri)
           ^^^^^^^^^^^^^^^^^^^^^^^^^^^^^^^^^^^^^^^^^^^^^^^^^^^^^^^^^^^^^^^^^^^
  File "C:\Users\vinit\anaconda3\Lib\site-packages\mlflow\store\artifact\artifact_repository_registry.py", line 72, in get_artifact_repository
    return repository(artifact_uri)
           ^^^^^^^^^^^^^^^^^^^^^^^^
  File "C:\Users\vinit\anaconda3\Lib\site-packages\mlflow\store\artifact\mlflow_artifacts_repo.py", line 45, in __init__
    super().__init__(self.resolve_uri(artifact_uri, get_tracking_uri()))
                     ^^^^^^^^^^^^^^^^^^^^^^^^^^^^^^^^^^^^^^^^^^^^^^^^^^
  File "C:\Users\vinit\anaconda3\Lib\site-packages\mlflow\store\artifact\mlflow_artifacts_repo.py", line 59, in resolve_uri
    _validate_uri_scheme(track_parse.scheme)
  File "C:\Users\vinit\anaconda3\Lib\site-packages\mlflow\store\artifact\mlflow_artifacts_repo.py", line 35, in _validate_uri_scheme
    raise MlflowException(
mlflow.exceptions.MlflowException: The configured tracking uri scheme: 'file' is invalid for use with the proxy mlflow-artifact scheme. The allowed tracking schemes are: {'http', 'https'}
[2023-12-29 17:16:49,466: INFO: _internal: 127.0.0.1 - - [29/Dec/2023 17:16:49] "GET /train HTTP/1.1" 200 -]
[2023-12-29 17:57:46,490: INFO: utils: Note: NumExpr detected 16 cores but "NUMEXPR_MAX_THREADS" not set, so enforcing safe limit of 8.]
[2023-12-29 17:57:46,490: INFO: utils: NumExpr defaulting to 8 threads.]
[2023-12-29 17:57:48,024: INFO: main: >>>>>> stage Data Ingestion stage started <<<<<<]
[2023-12-29 17:57:48,026: INFO: common: yaml file: config\config.yaml loaded successfully]
[2023-12-29 17:57:48,026: INFO: common: yaml file: params.yaml loaded successfully]
[2023-12-29 17:57:48,027: INFO: common: yaml file: schema.yaml loaded successfully]
[2023-12-29 17:57:48,028: INFO: common: created directory at: artifacts]
[2023-12-29 17:57:48,028: INFO: common: created directory at: artifacts/data_ingestion]
[2023-12-29 17:57:48,344: INFO: data_ingestion: artifacts/data_ingestion/data.zip download! with following info: 
Connection: close
Content-Length: 23329
Cache-Control: max-age=300
Content-Security-Policy: default-src 'none'; style-src 'unsafe-inline'; sandbox
Content-Type: application/zip
ETag: "c69888a4ae59bc5a893392785a938ccd4937981c06ba8a9d6a21aa52b4ab5b6e"
Strict-Transport-Security: max-age=31536000
X-Content-Type-Options: nosniff
X-Frame-Options: deny
X-XSS-Protection: 1; mode=block
X-GitHub-Request-Id: 3B7A:2C77:4B6710:5E8CEC:658F535A
Accept-Ranges: bytes
Date: Fri, 29 Dec 2023 23:57:49 GMT
Via: 1.1 varnish
X-Served-By: cache-chi-klot8100118-CHI
X-Cache: HIT
X-Cache-Hits: 1
X-Timer: S1703894270.627917,VS0,VE74
Vary: Authorization,Accept-Encoding,Origin
Access-Control-Allow-Origin: *
Cross-Origin-Resource-Policy: cross-origin
X-Fastly-Request-ID: 44fcac74491fbc7e896ab8588b6fc0634e4e2b45
Expires: Sat, 30 Dec 2023 00:02:49 GMT
Source-Age: 0

]
[2023-12-29 17:57:48,352: INFO: main: >>>>>> stage Data Ingestion stage completed <<<<<<

x==========x]
[2023-12-29 17:57:48,353: INFO: main: >>>>>> stage Data Validation stage started <<<<<<]
[2023-12-29 17:57:48,354: INFO: common: yaml file: config\config.yaml loaded successfully]
[2023-12-29 17:57:48,355: INFO: common: yaml file: params.yaml loaded successfully]
[2023-12-29 17:57:48,356: INFO: common: yaml file: schema.yaml loaded successfully]
[2023-12-29 17:57:48,356: INFO: common: created directory at: artifacts]
[2023-12-29 17:57:48,356: INFO: common: created directory at: artifacts/data_validation]
[2023-12-29 17:57:48,372: INFO: main: >>>>>> stage Data Validation stage completed <<<<<<

x==========x]
[2023-12-29 17:57:48,372: INFO: main: >>>>>> stage Data Transformation stage started <<<<<<]
[2023-12-29 17:57:48,375: INFO: common: yaml file: config\config.yaml loaded successfully]
[2023-12-29 17:57:48,375: INFO: common: yaml file: params.yaml loaded successfully]
[2023-12-29 17:57:48,376: INFO: common: yaml file: schema.yaml loaded successfully]
[2023-12-29 17:57:48,377: INFO: common: created directory at: artifacts]
[2023-12-29 17:57:48,377: INFO: common: created directory at: artifacts/data_transformation]
[2023-12-29 17:57:48,391: INFO: data_transformation: Splited data into training and test sets]
[2023-12-29 17:57:48,391: INFO: data_transformation: (1199, 12)]
[2023-12-29 17:57:48,392: INFO: data_transformation: (400, 12)]
[2023-12-29 17:57:48,392: INFO: main: >>>>>> stage Data Transformation stage completed <<<<<<

x==========x]
[2023-12-29 17:57:48,392: INFO: main: >>>>>> stage Model Trainer stage started <<<<<<]
[2023-12-29 17:57:48,394: INFO: common: yaml file: config\config.yaml loaded successfully]
[2023-12-29 17:57:48,394: INFO: common: yaml file: params.yaml loaded successfully]
[2023-12-29 17:57:48,395: INFO: common: yaml file: schema.yaml loaded successfully]
[2023-12-29 17:57:48,396: INFO: common: created directory at: artifacts]
[2023-12-29 17:57:48,396: INFO: common: created directory at: artifacts/model_trainer]
[2023-12-29 17:57:48,413: INFO: main: >>>>>> stage Model Trainer stage completed <<<<<<

x==========x]
[2023-12-29 17:57:48,414: INFO: main: >>>>>> stage Model evaluation stage started <<<<<<]
[2023-12-29 17:57:48,415: INFO: common: yaml file: config\config.yaml loaded successfully]
[2023-12-29 17:57:48,416: INFO: common: yaml file: params.yaml loaded successfully]
[2023-12-29 17:57:48,417: INFO: common: yaml file: schema.yaml loaded successfully]
[2023-12-29 17:57:48,417: INFO: common: created directory at: artifacts]
[2023-12-29 17:57:48,418: INFO: common: created directory at: artifacts/model_evaluation]
[2023-12-29 17:57:48,598: INFO: common: json file saved at: artifacts\model_evaluation\metrics.json]
[2023-12-29 17:57:48,603: INFO: main: >>>>>> stage Model evaluation stage completed <<<<<<

x==========x]
[2023-12-29 17:57:48,795: INFO: _internal: 127.0.0.1 - - [29/Dec/2023 17:57:48] "GET /train HTTP/1.1" 200 -]
